#
# A fatal error has been detected by the Java Runtime Environment:
#
#  EXCEPTION_ACCESS_VIOLATION (0xc0000005) at pc=0x571d757e, pid=11420, tid=0x000039a8
#
# JRE version: Java(TM) SE Runtime Environment (8.0_191-b12) (build 1.8.0_191-b12)
# Java VM: Java HotSpot(TM) Client VM (25.191-b12 mixed mode windows-x86 )
# Problematic frame:
# V  [jvm.dll+0xe757e]
#
# Failed to write core dump. Minidumps are not enabled by default on client versions of Windows
#
# If you would like to submit a bug report, please visit:
#   http://bugreport.java.com/bugreport/crash.jsp
#

---------------  T H R E A D  ---------------

Current thread (0x28dadc00):  JavaThread "EventThread COM22" [_thread_in_vm, id=14760, stack(0x25ee0000,0x25f30000)]

siginfo: ExceptionCode=0xc0000005, reading address 0x00000000

Registers:
EAX=0x00000000, EBX=0x27d0b678, ECX=0x28dadc00, EDX=0x0000009f
ESP=0x25f2f22c, EBP=0x25f2f248, ESI=0x00000000, EDI=0x28dadc00
EIP=0x571d757e, EFLAGS=0x00010246

Top of Stack: (sp=0x25f2f22c)
0x25f2f22c:   25f2f264 28dadd40 27d0b678 28dadc00
0x25f2f23c:   281b6524 0000009f 573d5568 25f2f4f8
0x25f2f24c:   6400183d 28dadd40 00000000 00000000
0x25f2f25c:   0000024a 25f2f264 302e3235 310a0d30
0x25f2f26c:   302e3835 310a0d30 302e3336 310a0d30
0x25f2f27c:   302e3836 310a0d30 302e3337 310a0d30
0x25f2f28c:   302e3937 310a0d30 302e3438 310a0d30
0x25f2f29c:   302e3938 310a0d30 302e3539 320a0d30 

Instructions: (pc=0x571d757e)
0x571d755e:   c4 08 83 7f 04 00 89 7d f0 c7 45 f4 00 00 00 00
0x571d756e:   74 08 8d 4d f0 e8 e8 34 0c 00 8b 75 10 8b 45 0c
0x571d757e:   8b 10 85 f6 78 32 8b 45 14 85 c0 78 2b 8d 0c 06
0x571d758e:   3b 4a 08 77 23 85 c0 7e 3b 8b 4a 04 8b 49 04 83 


Register to memory mapping:

EAX=0x00000000 is an unknown value
EBX=0x27d0b678 is an unknown value
ECX=0x28dadc00 is a thread
EDX=0x0000009f is an unknown value
ESP=0x25f2f22c is pointing into the stack for thread: 0x28dadc00
EBP=0x25f2f248 is pointing into the stack for thread: 0x28dadc00
ESI=0x00000000 is an unknown value
EDI=0x28dadc00 is a thread


Stack: [0x25ee0000,0x25f30000],  sp=0x25f2f22c,  free space=316k
Native frames: (J=compiled Java code, j=interpreted, Vv=VM code, C=native code)
V  [jvm.dll+0xe757e]
C  [jSSC-2.8_x86.dll+0x183d]
J 4331  jssc.SerialNativeInterface.readBytes(JI)[B (0 bytes) @ 0x02bbb065 [0x02bbafd0+0x95]
J 11983 C1 jssc.SerialPort$EventThread.run()V (84 bytes) @ 0x029b6770 [0x029b6500+0x270]
v  ~StubRoutines::call_stub
V  [jvm.dll+0x15c315]
V  [jvm.dll+0x223ece]
V  [jvm.dll+0x15c3ae]
V  [jvm.dll+0x15c536]
V  [jvm.dll+0x15c5a7]
V  [jvm.dll+0x1002ef]
V  [jvm.dll+0x17f550]
V  [jvm.dll+0x17fdca]
V  [jvm.dll+0x1c57a6]
C  [msvcr100.dll+0x5c556]
C  [msvcr100.dll+0x5c600]
C  [KERNEL32.DLL+0x200f9]
C  [ntdll.dll+0x67bbe]
C  [ntdll.dll+0x67b8e]
C  0x00000000

Java frames: (J=compiled Java code, j=interpreted, Vv=VM code)
J 4331  jssc.SerialNativeInterface.readBytes(JI)[B (0 bytes) @ 0x02bbb021 [0x02bbafd0+0x51]
J 11983 C1 jssc.SerialPort$EventThread.run()V (84 bytes) @ 0x029b6770 [0x029b6500+0x270]
v  ~StubRoutines::call_stub

---------------  P R O C E S S  ---------------

Java Threads: ( => current thread )
=>0x28dadc00 JavaThread "EventThread COM22" [_thread_in_vm, id=14760, stack(0x25ee0000,0x25f30000)]
  0x28db1800 JavaThread "JmDNS(DESKTOP-7E18DHJ.local.).Timer" daemon [_thread_blocked, id=11772, stack(0x02420000,0x02470000)]
  0x28daf400 JavaThread "SocketListener(DESKTOP-7E18DHJ.local.)" daemon [_thread_in_native, id=15324, stack(0x00930000,0x00980000)]
  0x28db2400 JavaThread "DestroyJavaVM" [_thread_blocked, id=16872, stack(0x02490000,0x024e0000)]
  0x284b8800 JavaThread "TimerQueue" daemon [_thread_blocked, id=9820, stack(0x2af20000,0x2af70000)]
  0x284bb800 JavaThread "AWT-EventQueue-0" [_thread_blocked, id=3876, stack(0x29cc0000,0x29d10000)]
  0x284ba800 JavaThread "AWT-Shutdown" [_thread_blocked, id=1312, stack(0x27f40000,0x27f90000)]
  0x284bb400 JavaThread "Batik CleanerThread" daemon [_thread_blocked, id=15804, stack(0x278f0000,0x27940000)]
  0x283d9000 JavaThread "JmDNS(DESKTOP-7E18DHJ.local.).Timer" daemon [_thread_blocked, id=14744, stack(0x271c0000,0x27210000)]
  0x283d8800 JavaThread "SocketListener(DESKTOP-7E18DHJ.local.)" daemon [_thread_in_native, id=15848, stack(0x269e0000,0x26a30000)]
  0x2828a000 JavaThread "cc.arduino.packages.discoverers.serial.SerialDiscovery" [_thread_blocked, id=8696, stack(0x26d80000,0x26dd0000)]
  0x2654f400 JavaThread "AWT-Windows" daemon [_thread_in_native, id=12812, stack(0x26a70000,0x26ac0000)]
  0x2654d000 JavaThread "Java2D Disposer" daemon [_thread_blocked, id=6868, stack(0x26950000,0x269a0000)]
  0x259f7c00 JavaThread "Service Thread" daemon [_thread_blocked, id=17344, stack(0x261d0000,0x26220000)]
  0x259d1400 JavaThread "C1 CompilerThread0" daemon [_thread_blocked, id=424, stack(0x26140000,0x26190000)]
  0x259cf000 JavaThread "Attach Listener" daemon [_thread_blocked, id=11812, stack(0x260b0000,0x26100000)]
  0x259cd000 JavaThread "Signal Dispatcher" daemon [_thread_blocked, id=4252, stack(0x26020000,0x26070000)]
  0x259bb800 JavaThread "Finalizer" daemon [_thread_blocked, id=3052, stack(0x25cc0000,0x25d10000)]
  0x259b5c00 JavaThread "Reference Handler" daemon [_thread_blocked, id=692, stack(0x25c30000,0x25c80000)]

Other Threads:
  0x259a0400 VMThread [stack: 0x25ba0000,0x25bf0000] [id=13592]
  0x259dc800 WatcherThread [stack: 0x26260000,0x262b0000] [id=5008]

VM state:synchronizing (normal execution)

VM Mutex/Monitor currently owned by a thread:  ([mutex/lock_event])
[0x009ddd88] Threads_lock - owner thread: 0x259a0400
[0x009ddbe8] Heap_lock - owner thread: 0x2828a000

Heap:
 def new generation   total 157248K, used 157247K [0x04a00000, 0x0f4a0000, 0x0f4a0000)
  eden space 139776K,  99% used [0x04a00000, 0x0d27fff8, 0x0d280000)
  from space 17472K,  99% used [0x0d280000, 0x0e38ffe0, 0x0e390000)
  to   space 17472K,   0% used [0x0e390000, 0x0e390000, 0x0f4a0000)
 tenured generation   total 349568K, used 349568K [0x0f4a0000, 0x24a00000, 0x24a00000)
   the space 349568K, 100% used [0x0f4a0000, 0x24a00000, 0x24a00000, 0x24a00000)
 Metaspace       used 22407K, capacity 22980K, committed 23040K, reserved 23936K

Card table byte_map: [0x04810000,0x04920000] byte_map_base: 0x047eb000

Polling page: 0x009c0000

CodeCache: size=32768Kb used=2242Kb max_used=5278Kb free=30525Kb
 bounds [0x026d0000, 0x02c00000, 0x046d0000]
 total_blobs=1416 nmethods=1132 adapters=213
 compilation: enabled

Compilation events (10 events):
Event: 4443.522 Thread 0x259d1400 18408             javax.swing.text.AbstractDocument$LeafElement::getElementCount (2 bytes)
Event: 4443.522 Thread 0x259d1400 nmethod 18408 0x029b3208 code [0x029b3300, 0x029b3380]
Event: 4443.522 Thread 0x259d1400 18409             javax.swing.text.GlyphView::<init> (104 bytes)
Event: 4443.522 Thread 0x259d1400 nmethod 18409 0x0290d6c8 code [0x0290d800, 0x0290da10]
Event: 4443.522 Thread 0x259d1400 18410             javax.swing.text.AbstractDocument$AbstractElement::getParentElement (5 bytes)
Event: 4443.522 Thread 0x259d1400 nmethod 18410 0x0290d508 code [0x0290d600, 0x0290d680]
Event: 4443.522 Thread 0x259d1400 18411             javax.swing.text.View::append (20 bytes)
Event: 4443.522 Thread 0x259d1400 nmethod 18411 0x0290d148 code [0x0290d260, 0x0290d418]
Event: 4443.522 Thread 0x259d1400 18412             javax.swing.text.CompositeView::getViewCount (5 bytes)
Event: 4443.522 Thread 0x259d1400 nmethod 18412 0x0290cf88 code [0x0290d080, 0x0290d100]

GC Heap History (10 events):
Event: 4445.192 GC heap before
{Heap before GC invocations=940 (full 300):
 def new generation   total 157248K, used 157247K [0x04a00000, 0x0f4a0000, 0x0f4a0000)
  eden space 139776K,  99% used [0x04a00000, 0x0d27fff8, 0x0d280000)
  from space 17472K,  99% used [0x0d280000, 0x0e38fff0, 0x0e390000)
  to   space 17472K,   0% used [0x0e390000, 0x0e390000, 0x0f4a0000)
 tenured generation   total 349568K, used 349567K [0x0f4a0000, 0x24a00000, 0x24a00000)
   the space 349568K,  99% used [0x0f4a0000, 0x249ffff0, 0x24a00000, 0x24a00000)
 Metaspace       used 22407K, capacity 22980K, committed 23040K, reserved 23936K
Event: 4445.618 GC heap after
Heap after GC invocations=941 (full 301):
 def new generation   total 157248K, used 157208K [0x04a00000, 0x0f4a0000, 0x0f4a0000)
  eden space 139776K,  99% used [0x04a00000, 0x0d27ffe8, 0x0d280000)
  from space 17472K,  99% used [0x0d280000, 0x0e3861d0, 0x0e390000)
  to   space 17472K,   0% used [0x0e390000, 0x0e390000, 0x0f4a0000)
 tenured generation   total 349568K, used 349567K [0x0f4a0000, 0x24a00000, 0x24a00000)
   the space 349568K,  99% used [0x0f4a0000, 0x249ffff0, 0x24a00000, 0x24a00000)
 Metaspace       used 22407K, capacity 22980K, committed 23040K, reserved 23936K
}
Event: 4445.619 GC heap before
{Heap before GC invocations=941 (full 301):
 def new generation   total 157248K, used 157247K [0x04a00000, 0x0f4a0000, 0x0f4a0000)
  eden space 139776K,  99% used [0x04a00000, 0x0d27fff8, 0x0d280000)
  from space 17472K, 100% used [0x0d280000, 0x0e390000, 0x0e390000)
  to   space 17472K,   0% used [0x0e390000, 0x0e390000, 0x0f4a0000)
 tenured generation   total 349568K, used 349568K [0x0f4a0000, 0x24a00000, 0x24a00000)
   the space 349568K, 100% used [0x0f4a0000, 0x24a00000, 0x24a00000, 0x24a00000)
 Metaspace       used 22407K, capacity 22980K, committed 23040K, reserved 23936K
Event: 4446.047 GC heap after
Heap after GC invocations=942 (full 302):
 def new generation   total 157248K, used 157241K [0x04a00000, 0x0f4a0000, 0x0f4a0000)
  eden space 139776K,  99% used [0x04a00000, 0x0d27ffe8, 0x0d280000)
  from space 17472K,  99% used [0x0d280000, 0x0e38e448, 0x0e390000)
  to   space 17472K,   0% used [0x0e390000, 0x0e390000, 0x0f4a0000)
 tenured generation   total 349568K, used 349568K [0x0f4a0000, 0x24a00000, 0x24a00000)
   the space 349568K, 100% used [0x0f4a0000, 0x24a00000, 0x24a00000, 0x24a00000)
 Metaspace       used 22407K, capacity 22980K, committed 23040K, reserved 23936K
}
Event: 4446.047 GC heap before
{Heap before GC invocations=942 (full 302):
 def new generation   total 157248K, used 157247K [0x04a00000, 0x0f4a0000, 0x0f4a0000)
  eden space 139776K,  99% used [0x04a00000, 0x0d27fff8, 0x0d280000)
  from space 17472K, 100% used [0x0d280000, 0x0e390000, 0x0e390000)
  to   space 17472K,   0% used [0x0e390000, 0x0e390000, 0x0f4a0000)
 tenured generation   total 349568K, used 349568K [0x0f4a0000, 0x24a00000, 0x24a00000)
   the space 349568K, 100% used [0x0f4a0000, 0x24a00000, 0x24a00000, 0x24a00000)
 Metaspace       used 22407K, capacity 22980K, committed 23040K, reserved 23936K
Event: 4446.470 GC heap after
Heap after GC invocations=943 (full 303):
 def new generation   total 157248K, used 157246K [0x04a00000, 0x0f4a0000, 0x0f4a0000)
  eden space 139776K,  99% used [0x04a00000, 0x0d27fff8, 0x0d280000)
  from space 17472K,  99% used [0x0d280000, 0x0e38fbf8, 0x0e390000)
  to   space 17472K,   0% used [0x0e390000, 0x0e390000, 0x0f4a0000)
 tenured generation   total 349568K, used 349568K [0x0f4a0000, 0x24a00000, 0x24a00000)
   the space 349568K, 100% used [0x0f4a0000, 0x24a00000, 0x24a00000, 0x24a00000)
 Metaspace       used 22407K, capacity 22980K, committed 23040K, reserved 23936K
}
Event: 4446.471 GC heap before
{Heap before GC invocations=943 (full 303):
 def new generation   total 157248K, used 157247K [0x04a00000, 0x0f4a0000, 0x0f4a0000)
  eden space 139776K,  99% used [0x04a00000, 0x0d27fff8, 0x0d280000)
  from space 17472K, 100% used [0x0d280000, 0x0e390000, 0x0e390000)
  to   space 17472K,   0% used [0x0e390000, 0x0e390000, 0x0f4a0000)
 tenured generation   total 349568K, used 349568K [0x0f4a0000, 0x24a00000, 0x24a00000)
   the space 349568K, 100% used [0x0f4a0000, 0x24a00000, 0x24a00000, 0x24a00000)
 Metaspace       used 22407K, capacity 22980K, committed 23040K, reserved 23936K
Event: 4446.893 GC heap after
Heap after GC invocations=944 (full 304):
 def new generation   total 157248K, used 157247K [0x04a00000, 0x0f4a0000, 0x0f4a0000)
  eden space 139776K,  99% used [0x04a00000, 0x0d27fff8, 0x0d280000)
  from space 17472K,  99% used [0x0d280000, 0x0e38fee0, 0x0e390000)
  to   space 17472K,   0% used [0x0e390000, 0x0e390000, 0x0f4a0000)
 tenured generation   total 349568K, used 349568K [0x0f4a0000, 0x24a00000, 0x24a00000)
   the space 349568K, 100% used [0x0f4a0000, 0x24a00000, 0x24a00000, 0x24a00000)
 Metaspace       used 22407K, capacity 22980K, committed 23040K, reserved 23936K
}
Event: 4446.893 GC heap before
{Heap before GC invocations=944 (full 304):
 def new generation   total 157248K, used 157247K [0x04a00000, 0x0f4a0000, 0x0f4a0000)
  eden space 139776K,  99% used [0x04a00000, 0x0d27fff8, 0x0d280000)
  from space 17472K,  99% used [0x0d280000, 0x0e38fee0, 0x0e390000)
  to   space 17472K,   0% used [0x0e390000, 0x0e390000, 0x0f4a0000)
 tenured generation   total 349568K, used 349568K [0x0f4a0000, 0x24a00000, 0x24a00000)
   the space 349568K, 100% used [0x0f4a0000, 0x24a00000, 0x24a00000, 0x24a00000)
 Metaspace       used 22407K, capacity 22980K, committed 23040K, reserved 23936K
Event: 4447.316 GC heap after
Heap after GC invocations=945 (full 305):
 def new generation   total 157248K, used 157247K [0x04a00000, 0x0f4a0000, 0x0f4a0000)
  eden space 139776K,  99% used [0x04a00000, 0x0d27fff8, 0x0d280000)
  from space 17472K,  99% used [0x0d280000, 0x0e38fee0, 0x0e390000)
  to   space 17472K,   0% used [0x0e390000, 0x0e390000, 0x0f4a0000)
 tenured generation   total 349568K, used 349568K [0x0f4a0000, 0x24a00000, 0x24a00000)
   the space 349568K, 100% used [0x0f4a0000, 0x24a00000, 0x24a00000, 0x24a00000)
 Metaspace       used 22407K, capacity 22980K, committed 23040K, reserved 23936K
}

Deoptimization events (0 events):
No events

Classes redefined (0 events):
No events

Internal exceptions (10 events):
Event: 3174.067 Thread 0x28db0800 Exception <a 'java/io/IOException'> (0x0d4ecd78) thrown at [C:\workspace\8-2-build-windows-i586-cygwin\jdk8u191\11896\hotspot\src\share\vm\prims\jni.cpp, line 709]
Event: 3174.067 Thread 0x28db0800 Exception <a 'java/io/IOException'> (0x0d4ed158) thrown at [C:\workspace\8-2-build-windows-i586-cygwin\jdk8u191\11896\hotspot\src\share\vm\prims\jni.cpp, line 709]
Event: 3174.067 Thread 0x28db0800 Exception <a 'java/io/IOException'> (0x0d4ed9f0) thrown at [C:\workspace\8-2-build-windows-i586-cygwin\jdk8u191\11896\hotspot\src\share\vm\prims\jni.cpp, line 709]
Event: 3174.067 Thread 0x28db0800 Exception <a 'java/io/IOException'> (0x0d4ee090) thrown at [C:\workspace\8-2-build-windows-i586-cygwin\jdk8u191\11896\hotspot\src\share\vm\prims\jni.cpp, line 709]
Event: 3174.067 Thread 0x28db0800 Exception <a 'java/io/IOException'> (0x0d4ee8a8) thrown at [C:\workspace\8-2-build-windows-i586-cygwin\jdk8u191\11896\hotspot\src\share\vm\prims\jni.cpp, line 709]
Event: 3174.067 Thread 0x28db0800 Exception <a 'java/io/IOException'> (0x0d4eef00) thrown at [C:\workspace\8-2-build-windows-i586-cygwin\jdk8u191\11896\hotspot\src\share\vm\prims\jni.cpp, line 709]
Event: 3174.067 Thread 0x28db0800 Exception <a 'java/io/IOException'> (0x0d4ef790) thrown at [C:\workspace\8-2-build-windows-i586-cygwin\jdk8u191\11896\hotspot\src\share\vm\prims\jni.cpp, line 709]
Event: 3174.067 Thread 0x28db0800 Exception <a 'java/io/IOException'> (0x0d4efff8) thrown at [C:\workspace\8-2-build-windows-i586-cygwin\jdk8u191\11896\hotspot\src\share\vm\prims\jni.cpp, line 709]
Event: 3174.067 Thread 0x28db0800 Exception <a 'java/io/IOException'> (0x0d4f0518) thrown at [C:\workspace\8-2-build-windows-i586-cygwin\jdk8u191\11896\hotspot\src\share\vm\prims\jni.cpp, line 709]
Event: 4447.316 Thread 0x28dadc00 Exception <a 'java/lang/OutOfMemoryError'> (0x0f4f9a78) thrown at [C:\workspace\8-2-build-windows-i586-cygwin\jdk8u191\11896\hotspot\src\share\vm\gc_interface/collectedHeap.inline.hpp, line 159]

Events (10 events):
Event: 4445.190 Executing VM operation: GenCollectForAllocation done
Event: 4445.192 Executing VM operation: GenCollectForAllocation
Event: 4445.618 Executing VM operation: GenCollectForAllocation done
Event: 4445.619 Executing VM operation: GenCollectForAllocation
Event: 4446.047 Executing VM operation: GenCollectForAllocation done
Event: 4446.047 Executing VM operation: GenCollectForAllocation
Event: 4446.471 Executing VM operation: GenCollectForAllocation done
Event: 4446.471 Executing VM operation: GenCollectForAllocation
Event: 4447.316 Executing VM operation: GenCollectForAllocation done
Event: 4447.316 Executing VM operation: GenCollectForAllocation


Dynamic libraries:
0x00890000 - 0x008c3000 	C:\Program Files (x86)\Arduino\java\bin\javaw.exe
0x77330000 - 0x774d4000 	C:\Windows\SYSTEM32\ntdll.dll
0x76220000 - 0x76310000 	C:\Windows\System32\KERNEL32.DLL
0x76310000 - 0x7652c000 	C:\Windows\System32\KERNELBASE.dll
0x75550000 - 0x755cb000 	C:\Windows\System32\ADVAPI32.dll
0x76540000 - 0x765ff000 	C:\Windows\System32\msvcrt.dll
0x75660000 - 0x756d6000 	C:\Windows\System32\sechost.dll
0x75ba0000 - 0x75c5e000 	C:\Windows\System32\RPCRT4.dll
0x75a00000 - 0x75b9d000 	C:\Windows\System32\USER32.dll
0x760f0000 - 0x76108000 	C:\Windows\System32\win32u.dll
0x75480000 - 0x754a3000 	C:\Windows\System32\GDI32.dll
0x770b0000 - 0x77190000 	C:\Windows\System32\gdi32full.dll
0x76700000 - 0x7677b000 	C:\Windows\System32\msvcp_win.dll
0x76790000 - 0x768b0000 	C:\Windows\System32\ucrtbase.dll
0x6fa30000 - 0x6fc40000 	C:\Windows\WinSxS\x86_microsoft.windows.common-controls_6595b64144ccf1df_6.0.19041.1110_none_a8625c1886757984\COMCTL32.dll
0x77220000 - 0x77246000 	C:\Windows\System32\IMM32.DLL
0x574d0000 - 0x5758f000 	C:\Program Files (x86)\Arduino\java\bin\msvcr100.dll
0x570f0000 - 0x574c3000 	C:\Program Files (x86)\Arduino\java\bin\client\jvm.dll
0x75470000 - 0x75476000 	C:\Windows\System32\PSAPI.DLL
0x71e50000 - 0x71e58000 	C:\Windows\SYSTEM32\WSOCK32.dll
0x736b0000 - 0x736d8000 	C:\Windows\SYSTEM32\WINMM.dll
0x75990000 - 0x759f3000 	C:\Windows\System32\WS2_32.dll
0x74e00000 - 0x74e08000 	C:\Windows\SYSTEM32\VERSION.dll
0x57640000 - 0x57670000 	C:\Program Files (x86)\Arduino\java\bin\splashscreen.dll
0x72e40000 - 0x72eb4000 	C:\Windows\system32\uxtheme.dll
0x751f0000 - 0x75470000 	C:\Windows\System32\combase.dll
0x59390000 - 0x5939c000 	C:\Program Files (x86)\Arduino\java\bin\verify.dll
0x570c0000 - 0x570e2000 	C:\Program Files (x86)\Arduino\java\bin\java.dll
0x756e0000 - 0x757b4000 	C:\Windows\System32\MSCTF.dll
0x754b0000 - 0x75546000 	C:\Windows\System32\OLEAUT32.dll
0x57620000 - 0x57634000 	C:\Program Files (x86)\Arduino\java\bin\zip.dll
0x72da0000 - 0x72daf000 	C:\Windows\SYSTEM32\kernel.appcore.dll
0x76110000 - 0x7616f000 	C:\Windows\System32\bcryptPrimitives.dll
0x6a710000 - 0x6a7c9000 	C:\Windows\SYSTEM32\textinputframework.dll
0x6ff30000 - 0x6ffcb000 	C:\Windows\System32\CoreMessaging.dll
0x6ffd0000 - 0x7024e000 	C:\Windows\System32\CoreUIComponents.dll
0x755d0000 - 0x75657000 	C:\Windows\System32\SHCORE.dll
0x72cc0000 - 0x72ce9000 	C:\Windows\SYSTEM32\ntmarta.dll
0x70250000 - 0x7032b000 	C:\Windows\SYSTEM32\wintypes.dll
0x5aab0000 - 0x5ad23000 	C:\Windows\System32\uiautomationcore.dll
0x72390000 - 0x72452000 	C:\Windows\System32\PROPSYS.dll
0x72dd0000 - 0x72dda000 	C:\Windows\SYSTEM32\CRYPTBASE.DLL
0x61ec0000 - 0x61f13000 	C:\Windows\System32\OLEACC.dll
0x77020000 - 0x770a3000 	C:\Windows\System32\clbcatq.dll
0x76a00000 - 0x76fb6000 	C:\Windows\System32\SHELL32.dll
0x747a0000 - 0x74dac000 	C:\Windows\SYSTEM32\windows.storage.dll
0x74770000 - 0x74797000 	C:\Windows\SYSTEM32\Wldp.dll
0x760a0000 - 0x760e5000 	C:\Windows\System32\shlwapi.dll
0x72db0000 - 0x72dc8000 	C:\Windows\SYSTEM32\profapi.dll
0x61940000 - 0x619b3000 	C:\Program Files (x86)\Arduino\lib\listSerialsj.dll
0x75c60000 - 0x76094000 	C:\Windows\System32\SETUPAPI.dll
0x772e0000 - 0x7731b000 	C:\Windows\System32\cfgmgr32.dll
0x77190000 - 0x771a9000 	C:\Windows\System32\bcrypt.dll
0x570a0000 - 0x570bd000 	C:\Program Files (x86)\Arduino\lib\jnidispatch-4.2.2-win32-x86.dll
0x76910000 - 0x769f3000 	C:\Windows\System32\Ole32.dll
0x57080000 - 0x57095000 	C:\Program Files (x86)\Arduino\java\bin\net.dll
0x71f50000 - 0x71fa2000 	C:\Windows\system32\mswsock.dll
0x59380000 - 0x5938f000 	C:\Program Files (x86)\Arduino\java\bin\nio.dll
0x56f30000 - 0x57077000 	C:\Program Files (x86)\Arduino\java\bin\awt.dll
0x72240000 - 0x722e0000 	C:\Windows\SYSTEM32\apphelp.dll
0x72e10000 - 0x72e36000 	C:\Windows\system32\DWMAPI.DLL
0x56ef0000 - 0x56f29000 	C:\Program Files (x86)\Arduino\java\bin\fontmanager.dll
0x6d790000 - 0x6d893000 	C:\Windows\system32\opengl32.dll
0x70440000 - 0x7047f000 	C:\Windows\SYSTEM32\GLU32.dll
0x56eb0000 - 0x56ee2000 	C:\Program Files (x86)\Arduino\java\bin\t2k.dll
0x72b10000 - 0x72b34000 	C:\Windows\SYSTEM32\DEVOBJ.dll
0x771d0000 - 0x7721d000 	C:\Windows\System32\WINTRUST.dll
0x76600000 - 0x766fa000 	C:\Windows\System32\CRYPT32.dll
0x74db0000 - 0x74dbe000 	C:\Windows\SYSTEM32\MSASN1.dll
0x74f10000 - 0x74f42000 	C:\Windows\SYSTEM32\IPHLPAPI.DLL
0x76530000 - 0x76537000 	C:\Windows\System32\NSI.dll
0x71e20000 - 0x71e34000 	C:\Windows\SYSTEM32\dhcpcsvc6.DLL
0x71e00000 - 0x71e16000 	C:\Windows\SYSTEM32\dhcpcsvc.DLL
0x72ec0000 - 0x72f50000 	C:\Windows\SYSTEM32\DNSAPI.dll
0x727b0000 - 0x727c3000 	C:\Windows\SYSTEM32\CRYPTSP.dll
0x726f0000 - 0x7271f000 	C:\Windows\system32\rsaenh.dll
0x74e10000 - 0x74e35000 	C:\Windows\SYSTEM32\USERENV.dll
0x6f660000 - 0x6f671000 	C:\Windows\system32\napinsp.dll
0x6f640000 - 0x6f656000 	C:\Windows\system32\pnrpnsp.dll
0x6f630000 - 0x6f640000 	C:\Windows\system32\wshbth.dll
0x6f610000 - 0x6f626000 	C:\Windows\system32\NLAapi.dll
0x6f600000 - 0x6f60e000 	C:\Windows\System32\winrnr.dll
0x70750000 - 0x707a9000 	C:\Windows\System32\fwpuclnt.dll
0x72300000 - 0x72308000 	C:\Windows\System32\rasadhlp.dll
0x56e90000 - 0x56eb0000 	C:\Program Files (x86)\Arduino\java\bin\sunec.dll
0x56e80000 - 0x56e89000 	C:\Program Files (x86)\Arduino\java\bin\sunmscapi.dll
0x56e10000 - 0x56e79000 	C:\Program Files (x86)\Arduino\msvcp100.dll
0x56d50000 - 0x56e0e000 	C:\Program Files (x86)\Arduino\msvcr100.dll
0x27870000 - 0x278a2000 	C:\Program Files (x86)\Arduino\lib\AStylej.dll
0x56d20000 - 0x56d44000 	C:\Program Files (x86)\Arduino\java\bin\dcpr.dll
0x58ae0000 - 0x58c51000 	C:\Windows\SYSTEM32\WindowsCodecs.dll
0x6ce30000 - 0x6ce61000 	C:\Windows\system32\dataexchange.dll
0x6cae0000 - 0x6cc44000 	C:\Windows\system32\dcomp.dll
0x6cc50000 - 0x6ce30000 	C:\Windows\system32\d3d11.dll
0x70e80000 - 0x70f42000 	C:\Windows\system32\dxgi.dll
0x6c950000 - 0x6cadf000 	C:\Windows\system32\twinapi.appcore.dll
0x64000000 - 0x6401b000 	C:\Program Files (x86)\Arduino\lib\jSSC-2.8_x86.dll
0x71c10000 - 0x71d98000 	C:\Windows\SYSTEM32\dbghelp.dll

VM Arguments:
jvm_args: -Dsun.java2d.d3d=false -Djna.nosys=true -Djna.nounpack=true -Djna.boot.library.name=jnidispatch-4.2.2-win32-x86 -Djna.boot.library.path=C:\Program Files (x86)\Arduino/lib -Djssc.library.path=C:\Program Files (x86)\Arduino/lib -DAPP_DIR=C:\Program Files (x86)\Arduino -Xms128M -Xmx512M -Dfile.encoding=UTF8 -Djava.net.preferIPv4Stack=true 
java_command: processing.app.Base C:\Users\ygorg\Documents\DESENVOLVIMENTO\TCC_ROCKET_LORA_SENDER_RECEIVER\receiver\receiver.ino
java_class_path (initial): C:\Program Files (x86)\Arduino\lib\apple.jar;C:\Program Files (x86)\Arduino\lib\arduino-core.jar;C:\Program Files (x86)\Arduino\lib\batik-1.8.jar;C:\Program Files (x86)\Arduino\lib\batik-anim-1.8.jar;C:\Program Files (x86)\Arduino\lib\batik-awt-util-1.8.jar;C:\Program Files (x86)\Arduino\lib\batik-bridge-1.8.jar;C:\Program Files (x86)\Arduino\lib\batik-codec-1.8.jar;C:\Program Files (x86)\Arduino\lib\batik-css-1.8.jar;C:\Program Files (x86)\Arduino\lib\batik-dom-1.8.jar;C:\Program Files (x86)\Arduino\lib\batik-ext-1.8.jar;C:\Program Files (x86)\Arduino\lib\batik-gvt-1.8.jar;C:\Program Files (x86)\Arduino\lib\batik-parser-1.8.jar;C:\Program Files (x86)\Arduino\lib\batik-rasterizer-1.8.jar;C:\Program Files (x86)\Arduino\lib\batik-script-1.8.jar;C:\Program Files (x86)\Arduino\lib\batik-squiggle-1.8.jar;C:\Program Files (x86)\Arduino\lib\batik-svg-dom-1.8.jar;C:\Program Files (x86)\Arduino\lib\batik-svgpp-1.8.jar;C:\Program Files (x86)\Arduino\lib\batik-transcoder-1.8.jar;C:\Program Files (x86)\Arduino\lib\batik-util-1.8.jar;C:\Program Files (x86)\Arduino\lib\batik-xml-1.8.jar;C:\Program Files (x86)\Arduino\lib\bcpg-jdk15on-152.jar;C:\Program Files (x86)\Arduino\lib\bcprov-jdk15on-152.jar;C:\Program Files (x86)\Arduino\lib\commons-codec-1.7.jar;C:\Program Files (x86)\Arduino\lib\commons-compress-1.8.jar;C:\Program Files (x86)\Arduino\lib\commons-exec-1.1.jar;C:\Program Files (x86)\Arduino\lib\commons-httpclient-3.1.jar;C:\Program Files (x86)\Arduino\lib\commons-lang3-3.8.1.jar;C:\Program Files (x86)\Arduino\lib\commons-logging-1.0.4.jar;C:\Program Files (x86)\Arduino\lib\commons-net-3.3.jar;C:\Program Files (x86)\Arduino\lib\commons-io-2.6.jar;C:\Program Files (x86)\Arduino\lib\jackson-annotations-2.9.5.jar;C:\Program Files (x86)\Arduino\lib\jackson-core-2.9.5.jar;C:\Program Files (x86)\Arduino\lib\jackson-databind-2.9.5.jar;C:\Program Files (x86)\Arduino\lib\java-semver-0.8.0.jar;C:\Program Files (x86)\Arduino\lib\jmdns-3.5.5.jar;C:\Program
Launcher Type: SUN_STANDARD

Environment Variables:
PATH=C:\Program Files (x86)\Common Files\Oracle\Java\javapath;C:\Windows\system32;C:\Windows;C:\Windows\System32\Wbem;C:\Windows\System32\WindowsPowerShell\v1.0\;C:\Windows\System32\OpenSSH\;C:\Program Files\NVIDIA Corporation\NVIDIA NvDLISR;C:\Program Files (x86)\NVIDIA Corporation\PhysX\Common;C:\Program Files\Git\cmd;C:\Users\ygorg\AppData\Local\Microsoft\WindowsApps;;C:\Users\ygorg\AppData\Local\Programs\Microsoft VS Code\bin;C:\Program Files (x86)\Arduino\java\bin
USERNAME=ygorg
OS=Windows_NT
PROCESSOR_IDENTIFIER=Intel64 Family 6 Model 158 Stepping 9, GenuineIntel



---------------  S Y S T E M  ---------------

OS: Windows 10.0 , 64 bit Build 19041 (10.0.19041.2364)

CPU:total 8 (initial active 8) (4 cores per cpu, 2 threads per core) family 6 model 158 stepping 9, cmov, cx8, fxsr, mmx, sse, sse2, sse3, ssse3, sse4.1, sse4.2, popcnt, avx, avx2, aes, clmul, erms, 3dnowpref, lzcnt, ht, tsc, tscinvbit, bmi1, bmi2, adx

Memory: 4k page, physical 33411236k(22533632k free), swap 38391972k(25798600k free)

vm_info: Java HotSpot(TM) Client VM (25.191-b12) for windows-x86 JRE (1.8.0_191-b12), built on Oct  6 2018 08:34:23 by "java_re" with MS VC++ 10.0 (VS2010)

time: Thu Dec 22 17:38:59 2022
elapsed time: 4447 seconds (0d 1h 14m 7s)

